<?xml version="1.0" encoding="UTF-8"?>
<!-- Generated by org.testng.reporters.JUnitReportReporter -->
<testsuite skipped="0" hostname="Favas_Aman" name="mx.frap.test.smoke.TestCase002" tests="1" failures="0" timestamp="29 Jul 2018 13:31:26 GMT" time="99.744" errors="0">
  <testcase name="testcase002" time="99.744" classname="mx.frap.test.smoke.TestCase002"/>
</testsuite> <!-- mx.frap.test.smoke.TestCase002 -->
