<?xml version="1.0" encoding="UTF-8"?>
<!-- Generated by org.testng.reporters.JUnitReportReporter -->
<testsuite skipped="0" hostname="Favas_Aman" name="mx.frap.test.smoke.TestCase004" tests="1" failures="0" timestamp="29 Jul 2018 14:14:19 GMT" time="53.540" errors="0">
  <testcase name="testcase004" time="53.540" classname="mx.frap.test.smoke.TestCase004"/>
</testsuite> <!-- mx.frap.test.smoke.TestCase004 -->
