<?xml version="1.0" encoding="UTF-8"?>
<!-- Generated by org.testng.reporters.JUnitReportReporter -->
<testsuite skipped="0" hostname="Favas_Aman" name="mx.frap.test.smoke.Testcase001" tests="1" failures="0" timestamp="29 Jul 2018 11:04:30 GMT" time="21.591" errors="0">
  <testcase name="testcase001" time="21.591" classname="mx.frap.test.smoke.Testcase001"/>
</testsuite> <!-- mx.frap.test.smoke.Testcase001 -->
