<?xml version="1.0" encoding="UTF-8"?>
<!-- Generated by org.testng.reporters.JUnitReportReporter -->
<testsuite skipped="0" hostname="Favas_Aman" name="mx.frap.test.smoke.TestCase003" tests="1" failures="0" timestamp="29 Jul 2018 13:52:17 GMT" time="26.758" errors="0">
  <testcase name="testcase003" time="26.758" classname="mx.frap.test.smoke.TestCase003"/>
</testsuite> <!-- mx.frap.test.smoke.TestCase003 -->
