<?xml version="1.0" encoding="UTF-8"?>
<!-- Generated by org.testng.reporters.JUnitReportReporter -->
<testsuite skipped="0" hostname="Favas_Aman" name="mx.frap.test.smoke.TestCase005" tests="1" failures="0" timestamp="29 Jul 2018 14:21:24 GMT" time="27.657" errors="0">
  <testcase name="testcase005" time="27.657" classname="mx.frap.test.smoke.TestCase005"/>
</testsuite> <!-- mx.frap.test.smoke.TestCase005 -->
