<?xml version="1.0" encoding="UTF-8"?>
<!-- Generated by org.testng.reporters.JUnitReportReporter -->
<testsuite skipped="0" hostname="Favas_Aman" name="mx.frap.test.smoke.TestCase006" tests="1" failures="0" timestamp="29 Jul 2018 16:39:16 GMT" time="90.865" errors="0">
  <testcase name="testcase005" time="90.865" classname="mx.frap.test.smoke.TestCase006"/>
</testsuite> <!-- mx.frap.test.smoke.TestCase006 -->
